<?xml version="1.0" encoding="UTF-8"?>
<!-- Generated by org.testng.reporters.JUnitReportReporter -->
<testsuite hostname="MCGL-20004591" failures="0" tests="4" name="test1.testOnCourse" time="2.586" errors="0" timestamp="2021-04-21T17:11:28 IST" skipped="0">
  <testcase classname="test1.testOnCourse" name="delete" time="2.162"/>
  <system-out/>
  <testcase classname="test1.testOnCourse" name="post" time="0.256"/>
  <system-out/>
  <testcase classname="test1.testOnCourse" name="put" time="0.037"/>
  <system-out/>
  <testcase classname="test1.testOnCourse" name="get" time="0.131"/>
  <system-out/>
</testsuite> <!-- test1.testOnCourse -->
